This file contains any messages produced by compilers while
running configure, to aid debugging if configure makes a mistake.

It was created by GRUB configure 0.97, which was
generated by GNU Autoconf 2.69.  Invocation command line was

  $ /home/architech/Desktop/install-test2/yocto/meta-clanton_v1.0.1/yocto_build/tmp/work/i586-poky-linux-uclibc/grub/0.97+gitAUTOINC+5775f32a6268dead6939d01cbe72f23972f6d3c0-r0/git/configure --build=i686-linux --host=i586-poky-linux-uclibc --target=i586-poky-linux-uclibc --prefix=/usr --exec_prefix=/usr --bindir=/usr/bin --sbindir=/usr/sbin --libexecdir=/usr/lib/grub --datadir=/usr/share --sysconfdir=/etc --sharedstatedir=/com --localstatedir=/var --libdir=/usr/lib --includedir=/usr/include --oldincludedir=/usr/include --infodir=/usr/share/info --mandir=/usr/share/man --disable-silent-rules --disable-dependency-tracking --with-libtool-sysroot=/home/architech/Desktop/install-test2/yocto/meta-clanton_v1.0.1/yocto_build/tmp/sysroots/clanton --without-curses --disable-auto-linux-mem-opt --with-platform=efi --libdir=/home/architech/Desktop/install-test2/yocto/meta-clanton_v1.0.1/yocto_build/tmp/sysroots/clanton/usr/lib

## --------- ##
## Platform. ##
## --------- ##

hostname = architech
uname -m = i686
uname -r = 3.18.0-rc7-helloWorld+
uname -s = Linux
uname -v = #3 SMP Fri Dec 5 10:41:16 CET 2014

/usr/bin/uname -p = unknown
/bin/uname -X     = unknown

/bin/arch              = unknown
/usr/bin/arch -k       = unknown
/usr/convex/getsysinfo = unknown
/usr/bin/hostinfo      = unknown
/bin/machine           = unknown
/usr/bin/oslevel       = unknown
/bin/universe          = unknown

PATH: /home/architech/Desktop/install-test2/yocto/meta-clanton_v1.0.1/poky/scripts
PATH: /home/architech/Desktop/install-test2/yocto/meta-clanton_v1.0.1/yocto_build/tmp/sysroots/i686-linux/usr/bin/i586-poky-linux-uclibc
PATH: /home/architech/Desktop/install-test2/yocto/meta-clanton_v1.0.1/yocto_build/tmp/sysroots/clanton/usr/bin/crossscripts
PATH: /home/architech/Desktop/install-test2/yocto/meta-clanton_v1.0.1/yocto_build/tmp/sysroots/i686-linux/usr/sbin
PATH: /home/architech/Desktop/install-test2/yocto/meta-clanton_v1.0.1/yocto_build/tmp/sysroots/i686-linux/usr/bin
PATH: /home/architech/Desktop/install-test2/yocto/meta-clanton_v1.0.1/yocto_build/tmp/sysroots/i686-linux/sbin
PATH: /home/architech/Desktop/install-test2/yocto/meta-clanton_v1.0.1/yocto_build/tmp/sysroots/i686-linux//bin
PATH: /home/architech/Desktop/install-test2/yocto/meta-clanton_v1.0.1/poky/scripts
PATH: /home/architech/Desktop/install-test2/yocto/meta-clanton_v1.0.1/poky/bitbake/bin
PATH: /home/architech/bin
PATH: /usr/lib/lightdm/lightdm
PATH: /usr/local/sbin
PATH: /usr/local/bin
PATH: /usr/sbin
PATH: /usr/bin
PATH: /sbin
PATH: /bin
PATH: /usr/games
PATH: /home/architech/bin
PATH: /usr/local/DS-5/bin
PATH: /home/architech/bin
PATH: /usr/local/DS-5/bin


## ----------- ##
## Core tests. ##
## ----------- ##

configure:2164: loading site script /home/architech/Desktop/install-test2/yocto/meta-clanton_v1.0.1/poky/meta/site/endian-little
| ac_cv_c_littleendian=${ac_cv_c_littleendian=yes}
| ac_cv_c_bigendian=${ac_cv_c_bigendian=no}
| 
| # libnet
| ac_cv_libnet_endianess=${ac_cv_libnet_endianess=lil}
| 
| # libmemcached
| ac_cv_c_endian=little
configure:2164: loading site script /home/architech/Desktop/install-test2/yocto/meta-clanton_v1.0.1/poky/meta/site/ix86-common
| # general
| ac_cv_sizeof_char=${ac_cv_sizeof_char=1}
| ac_cv_sizeof_unsigned_char=${ac_cv_sizeof_unsigned_char=1}
| ac_cv_sizeof_char_p=${ac_cv_sizeof_char_p=4}
| ac_cv_sizeof_unsigned_char_p=${ac_cv_sizeof_unsigned_char_p=4}
| ac_cv_sizeof_int=${ac_cv_sizeof_int=4}
| ac_cv_sizeof_unsigned_int=${ac_cv_sizeof_unsigned_int=4}
| ac_cv_sizeof_int_p=${ac_cv_sizeof_int_p=4}
| ac_cv_sizeof_long=${ac_cv_sizeof_long=4}
| ac_cv_sizeof_unsigned_long=${ac_cv_sizeof_unsigned_long=4}
| ac_cv_sizeof_long_long=${ac_cv_sizeof_long_long=8}
| ac_cv_sizeof_unsigned_long_long=${ac_cv_sizeof_unsigned_long_long=8}
| ac_cv_sizeof_short=${ac_cv_sizeof_short=2}
| ac_cv_sizeof_unsigned_short=${ac_cv_sizeof_unsigned_short=2}
| ac_cv_sizeof_size_t=${ac_cv_sizeof_size_t=4}
| ac_cv_sizeof_ssize_t=${ac_cv_sizeof_ssize_t=4}
| ac_cv_sizeof_void_p=${ac_cv_sizeof_void_p=4}
| ac_cv_sizeof_long_p=${ac_cv_sizeof_long_p=4}
| ac_cv_sizeof_float=${ac_cv_sizeof_float=4}
| ac_cv_sizeof_off_t=${ac_cv_sizeof_off_t=4}
| ac_cv_sizeof_uid_t=${ac_cv_sizeof_uid_t=4}
| ac_cv_sizeof_gid_t=${ac_cv_sizeof_gid_t=4}
| ac_cv_sizeof_ino_t=${ac_cv_sizeof_ino_t=4}
| ac_cv_sizeof_dev_t=${ac_cv_sizeof_dev_t=8}
| ac_cv_func_lstat_dereferences_slashed_symlink=${ac_cv_func_lstat_dereferences_slashed_symlink=yes}
| ac_cv_func_lstat_empty_string_bug=${ac_cv_func_lstat_empty_string_bug=no}
| ac_cv_func_pthread_key_delete=${ac_cv_func_pthread_key_delete=yes}
| ac_cv_func_setvbuf_reversed=${ac_cv_func_setvbuf_reversed=no}
| ac_cv_func_stat_empty_string_bug=${ac_cv_func_stat_empty_string_bug=no}
| ac_cv_func_stat_ignores_trailing_slash=${ac_cv_func_stat_ignores_trailing_slash=no}
| ac_cv_va_val_copy=${ac_cv_va_val_copy=yes}
| 
| ac_cv_header_netinet_sctp_h=${ac_cv_header_netinet_sctp_h=no}
| ac_cv_header_netinet_sctp_uio_h=${ac_cv_header_netinet_sctp_uio_h=no}
| ac_cv_linux_vers=${ac_cv_linux_vers=2}
| ac_cv_sctp=${ac_cv_sctp=no}
| 
| apr_cv_process_shared_works=${apr_cv_process_shared_works=no}
| apr_cv_tcp_nodelay_with_cork=${apr_cv_tcp_nodelay_with_cork=yes}
| 
| ac_cv_path_ESD_CONFIG=no
| lf_cv_sane_realloc=yes
| jm_cv_func_gettimeofday_clobber=no
| samba_cv_HAVE_GETTIMEOFDAY_TZ=yes
| bf_lsbf=1
| ac_cv_uchar=${ac_cv_uchar=no}
| ac_cv_uint=${ac_cv_uint=yes}
| ac_cv_ulong=${ac_cv_ulong=yes}
| ac_cv_ushort=${ac_cv_ushort=yes}
| 
| # audacity
| ac_cv_file_lib_src_libmad_frame_h=${ac_cv_file_lib_src_libmad_frame_h=no}
| 
| # bash
| ac_cv_c_long_double=${ac_cv_c_long_double=yes}
| bash_cv_func_sigsetjmp=${bash_cv_func_sigsetjmp=missing}
| 
| # clamav
| clamav_av_func_working_snprintf_long=${clamav_av_func_working_snprintf_long=yes}
| clamav_av_have_in_port_t=${clamav_av_have_in_port_t=yes}
| clamav_av_have_in_addr_t=${clamav_av_have_in_addr_t=yes}
| ac_cv_func_mmap_fixed_mapped=${ac_cv_func_mmap_fixed_mapped=yes}
| 
| # cvs
| cvs_cv_func_printf_ptr=${cvs_cv_func_printf_ptr=yes}
| 
| # db
| db_cv_alignp_t=${db_cv_alignp_t='unsigned long'}
| db_cv_align_t=${db_cv_align_t='unsigned long long'}
| db_cv_fcntl_f_setfd=${db_cv_fcntl_f_setfd=yes}
| db_cv_sprintf_count=${db_cv_sprintf_count=yes}
| 
| # D-BUS
| ac_cv_func_posix_getpwnam_r=${ac_cv_func_posix_getpwnam_r=yes}
| 
| # ettercap
| ettercap_cv_type_socklen_t=${ettercap_cv_type_socklen_t=yes}
| 
| # gettext
| am_cv_func_working_getline=${am_cv_func_working_getline=yes}
| 
| # glib
| glib_cv_sizeof_system_thread=${glib_cv_sizeof_system_thread=4}
| glib_cv_has__inline=${glib_cv_has__inline=yes}
| glib_cv_has__inline__=${glib_cv_has__inline__=yes}
| glib_cv_hasinline=${glib_cv_hasinline=yes}
| glib_cv_sane_realloc=${glib_cv_sane_realloc=yes}
| glib_cv_sizeof_gmutex=${glib_cv_sizeof_gmutex=24}
| glib_cv_sys_pthread_cond_timedwait_posix=${glib_cv_sys_pthread_cond_timedwait_posix=yes}
| glib_cv_sys_pthread_getspecific_posix=${glib_cv_sys_pthread_getspecific_posix=yes}
| glib_cv_sys_pthread_mutex_trylock_posix=${glib_cv_sys_pthread_mutex_trylock_posix=yes}
| glib_cv_uscore=${glib_cv_uscore=no}
| glib_cv_va_val_copy=${glib_cv_va_val_copy=yes}
| glib_cv_rtldglobal_broken=${glib_cv_rtldglobal_broken=yes}
| 
| # glib-2.0
| glib_cv_stack_grows=${glib_cv_stack_grows=no}
| utils_cv_sys_open_max=${utils_cv_sys_open_max=1015}
| glib_cv_use_pid_surrogate=${glib_cv_use_pid_surrogate=yes}
| ac_cv_alignof_guint32=4
| ac_cv_alignof_guint64=4
| ac_cv_alignof_unsigned_long=4
| 
| # guile
| ac_cv_uchar=${ac_cv_uchar=no}
| ac_cv_uint=${ac_cv_uint=yes}
| ac_cv_ulong=${ac_cv_ulong=yes}
| ac_cv_ushort=${ac_cv_ushort=yes}
| 
| # intercom
| ac_cv_func_fnmatch_works=${ac_cv_func_fnmatch_works=yes}
| 
| # jikes-native
| ac_cv_sizeof_wchar_t=4
| 
| # lftp
| ac_cv_need_trio=${ac_cv_need_trio=no}
| lftp_cv_va_val_copy=${lftp_cv_va_val_copy=yes}
| 
| # libidl
| libIDL_cv_long_long_format=${libIDL_cv_long_long_format=ll}
| 
| # libnet 
| ac_cv_lbl_unaligned_fail=${ac_cv_lbl_unaligned_fail=no}
| ac_libnet_have_packet_socket=${ac_libnet_have_packet_socket=yes}
| 
| # libxfce4util
| with_broken_putenv=${with_broken_putenv=no}
| 
| # mysql
| mysql_cv_func_atomic_sub=${mysql_cv_func_atomic_sub=yes}
| mysql_cv_func_atomic_add=${mysql_cv_func_atomic_add=yes}
| 
| # ORBit2
| ac_cv_alignof_CORBA_boolean=1
| ac_cv_alignof_CORBA_char=1
| ac_cv_alignof_CORBA_double=4
| ac_cv_alignof_CORBA_float=4
| ac_cv_alignof_CORBA_long=4
| ac_cv_alignof_CORBA_long_double=4
| ac_cv_alignof_CORBA_long_long=4
| ac_cv_alignof_CORBA_octet=1
| ac_cv_alignof_CORBA_pointer=4
| ac_cv_alignof_CORBA_short=2
| ac_cv_alignof_CORBA_struct=4
| ac_cv_alignof_CORBA_wchar=2
| 
| # php
| ac_cv_pread=${ac_cv_pread=no}
| ac_cv_pwrite=${ac_cv_pwrite=no}
| php_cv_lib_cookie_io_functions_use_off64_t=${php_cv_lib_cookie_io_functions_use_off64_t=yes}
| 
| # rsync
| rsync_cv_HAVE_BROKEN_LARGEFILE=${rsync_cv_HAVE_BROKEN_LARGEFILE=no}
| rsync_cv_HAVE_SOCKETPAIR=${rsync_cv_HAVE_SOCKETPAIR=yes}
| rsync_cv_HAVE_LONGLONG=${rsync_cv_HAVE_LONGLONG=yes}
| rsync_cv_HAVE_OFF64_T=${rsync_cv_HAVE_OFF64_T=no}
| rsync_cv_HAVE_SHORT_INO_T=${rsync_cv_HAVE_SHORT_INO_T=no}
| rsync_cv_HAVE_UNSIGNED_CHAR=${rsync_cv_HAVE_UNSIGNED_CHAR=no}
| rsync_cv_HAVE_BROKEN_READDIR=${rsync_cv_HAVE_BROKEN_READDIR=no}
| rsync_cv_HAVE_GETTIMEOFDAY_TZ=${rsync_cv_HAVE_GETTIMEOFDAY_TZ=yes}
| rsync_cv_HAVE_C99_VSNPRINTF=${rsync_cv_HAVE_C99_VSNPRINTF=yes}
| rsync_cv_HAVE_SECURE_MKSTEMP=${rsync_cv_HAVE_SECURE_MKSTEMP=yes}
| rsync_cv_REPLACE_INET_NTOA=${rsync_cv_REPLACE_INET_NTOA=no}
| rsync_cv_REPLACE_INET_ATON=${rsync_cv_REPLACE_INET_ATON=no}
| 
| # samba
| samba_cv_HAVE_GETTIMEOFDAY_TZ=${samba_cv_HAVE_GETTIMEOFDAY_TZ=yes}
| 
| # screen
| screen_cv_sys_bcopy_overlap=${screen_cv_sys_bcopy_overlap=no}
| screen_cv_sys_memcpy_overlap=${screen_cv_sys_memcpy_overlap=no}
| screen_cv_sys_memmove_overlap=${screen_cv_sys_memmove_overlap=no}
| screen_cv_sys_fifo_broken_impl=${screen_cv_sys_fifo_broken_impl=yes}
| screen_cv_sys_fifo_usable=${screen_cv_sys_fifo_usable=yes}
| screen_cv_sys_select_broken_retval=${screen_cv_sys_select_broken_retval=no}
| screen_cv_sys_sockets_nofs=${screen_cv_sys_sockets_nofs=no}
| screen_cv_sys_sockets_usable=${screen_cv_sys_sockets_usable=yes}
| screen_cv_sys_terminfo_used=${screen_cv_sys_terminfo_used=yes}
| 
| # slrn
| slrn_cv_va_val_copy=${slrn_cv_va_val_copy=yes}
| 
| # ssh
| ac_cv_have_space_d_name_in_struct_dirent=${ac_cv_dirent_have_space_d_name=yes}
| ac_cv_have_broken_snprintf=${ac_cv_have_broken_snprintf=no}
| ac_cv_have_accrights_in_msghdr=${ac_cv_have_accrights_in_msghdr=no}
| ac_cv_have_control_in_msghdr=${ac_cv_have_control_in_msghdr=yes}
| ac_cv_type_struct_timespec=${ac_cv_type_struct_timespec=yes}
| ac_cv_have_openpty_ctty_bug=${ac_cv_have_openpty_ctty_bug=yes}
| 
| # startup-notification
| lf_cv_sane_realloc=yes
| 
| # xffm
| jm_cv_func_working_readdir=yes
| 
| # xorg X11R7
| ac_cv_sys_linker_h=${ac_cv_sys_linker_h=no}
| ac_cv_file__usr_share_X11_sgml_defs_ent=${ac_cv_file__usr_share_X11_sgml_defs_ent=no}
| 
| # evolution-data-server
| ac_cv_libiconv_utf8=${ac_cv_libiconv_utf8=yes}
| 
| #dbus
| ac_cv_have_abstract_sockets=${ac_cv_have_abstract_sockets=yes}
| 
| #libpciaccess
| have_mtrr_h=yes
| 
| #mozilla
| moz_cv_size_of_JS_BYTES_PER_WORD=4
| moz_cv_align_of_JS_ALIGN_OF_POINTER=4
| moz_cv_size_of_JS_BYTES_PER_DOUBLE=8
| 
| #ofono
| ac_cv_lib_c_signalfd=${ac_cv_lib_c_signalfd=yes}
| 
| #unfs-server
| nfsd_cv_broken_setfsuid=${nfsd_cv_broken_setfsuid=0}
| nfsd_cv_func_statfs=${nfsd_cv_func_statfs=statfs2_bsize}
| nfsd_cv_bsd_signals=${nfsd_cv_bsd_signals=yes}
| 
| # dbind, in at-spi2-core
| ac_cv_alignof_char=1
| ac_cv_alignof_dbind_pointer=4
| ac_cv_alignof_dbind_struct=1
| ac_cv_alignof_dbus_bool_t=4
| ac_cv_alignof_dbus_int16_t=2
| ac_cv_alignof_dbus_int32_t=4
| ac_cv_alignof_dbus_int64_t=4
| ac_cv_alignof_double=4
configure:2164: loading site script /home/architech/Desktop/install-test2/yocto/meta-clanton_v1.0.1/poky/meta/site/common-linux
| # apr
| ac_cv_file__dev_zero=${ac_cv_file__dev_zero=yes}
| ac_cv_sizeof_pid_t=${ac_cv_sizeof_pid_t=4}
| 
| # samba
| samba_cv_HAVE_IFACE_AIX=${samba_cv_HAVE_IFACE_AIX=no}
| samba_cv_HAVE_IFACE_IFCONF=${samba_cv_HAVE_IFACE_IFCONF=yes}
| samba_cv_HAVE_IFACE_IFREQ=${samba_cv_HAVE_IFACE_IFREQ=yes}
| samba_cv_HAVE_IRIX_SPECIFIC_CAPABILITIES=${samba_cv_HAVE_IRIX_SPECIFIC_CAPABILITIES=no}
| 
| # db
| db_cv_path_ar=${db_cv_path_ar=/usr/bin/ar}
| db_cv_path_chmod=${db_cv_path_chmod=/bin/chmod}
| db_cv_path_cp=${db_cv_path_cp=/bin/cp}
| db_cv_path_ln=${db_cv_path_ln=/bin/ln}
| db_cv_path_mkdir=${db_cv_path_mkdir=/bin/mkdir}
| db_cv_path_ranlib=${db_cv_path_ranlib=/usr/bin/ranlib}
| db_cv_path_rm=${db_cv_path_rm=/bin/rm}
| db_cv_path_sh=${db_cv_path_sh=/bin/sh}
| db_cv_path_strip=${db_cv_path_strip=/usr/bin/strip}
| 
| # bash
| bash_cv_have_mbstate_t=${bash_cv_have_mbstate_t=yes}
| bash_cv_must_reinstall_sighandlers=${bash_cv_must_reinstall_sighandlers=no}
| bash_cv_func_strcoll_broken=${bash_cv_func_strcoll_broken=no}
| bash_cv_dup2_broken=${bash_cv_dup2_broken=no}
| bash_cv_opendir_not_robust=${bash_cv_opendir_not_robust=no}
| bash_cv_type_rlimit=${bash_cv_type_rlimit=rlim_t}
| bash_cv_getenv_redef=${bash_cv_getenv_redef=yes}
| bash_cv_ulimit_maxfds=${bash_cv_ulimit_maxfds=yes}
| bash_cv_getcwd_calls_popen=${bash_cv_getcwd_calls_popen=no}
| bash_cv_printf_a_format=${bash_cv_printf_a_format=yes}
| bash_cv_pgrp_pipe=${bash_cv_pgrp_pipe=no}
| bash_cv_job_control_missing=${bash_cv_job_control_missing=present}
| bash_cv_sys_named_pipes=${bash_cv_sys_named_pipes=present}
| bash_cv_unusable_rtsigs=${bash_cv_unusable_rtsigs=no}
| 
| # coreutils
| gl_cv_func_fstatat_zero_flag=${gl_cv_func_fstatat_zero_flag=yes}
| 
| # mysql
| ac_cv_sys_restartable_syscalls=${ac_cv_sys_restartable_syscalls=yes}
| ac_cv_conv_longlong_to_float=${ac_cv_conv_longlong_to_float=yes}
| 
| # TCL
| tcl_cv_api_serial=${tcl_cv_api_serial=termios}
| 
| # python
| ac_cv_have_long_long_format=yes
| 
| # apache
| ac_cv_o_nonblock_inherited=${ac_cv_o_nonblock_inherited=no}
configure:2164: loading site script /home/architech/Desktop/install-test2/yocto/meta-clanton_v1.0.1/poky/meta/site/common-uclibc
| # general
| ac_cv_have_decl_sys_siglist=${ac_cv_have_decl_sys_siglist=no}
| ac_cv_func_realloc_works=${ac_cv_func_realloc_works=yes}
| ac_cv_func_realloc_0_nonnull=${ac_cv_func_realloc_0_nonnull=yes}
| ac_cv_func_malloc_works=${ac_cv_func_malloc_works=yes}
| ac_cv_func_malloc_0_nonnull=${ac_cv_func_malloc_0_nonnull=yes}
| ac_cv_func_getpgrp_void=yes
| ac_cv_func_setpgrp_void=yes
| ac_cv_func_setgrent_void=yes
| ac_cv_func_getgrgid_r=${ac_cv_func_getgrgid_r=yes}
| ac_cv_func_getpwuid_r=${ac_cv_func_getpwuid_r=yes}
| ac_cv_func_posix_getpwuid_r=${ac_cv_func_posix_getpwuid_r=yes}
| ac_cv_func_posix_getgrgid_r=${ac_cv_func_posix_getgrgid_r=yes}
| ac_cv_func_getaddrinfo=${ac_cv_func_getaddrinfo=yes}
| 
| # glib
| glib_cv_strlcpy=${glib_cv_strlcpy=no}
| ac_cv_func_printf_unix98=${ac_cv_func_printf_unix98=yes}
| ac_cv_func_snprintf_c99=${ac_cv_func_snprintf_c99=yes}
| ac_cv_func_vsnprintf_c99=${ac_cv_func_vsnprintf_c99=yes}
| glib_cv_compliant_posix_memalign=${glib_cv_compliant_posix_memalign=1}
| glib_cv_long_long_format=${glib_cv_long_long_format=ll}
| glib_cv_have_qsort_r=${glib_cv_have_qsort_r=no}
| 
| #dbus-glib
| ac_cv_have_abstract_sockets=${ac_cv_have_abstract_sockets=yes}
| 
| # bash
| bash_cv_under_sys_siglist=${bash_cv_under_sys_siglist=no}
| bash_cv_sys_siglist=${bash_cv_sys_siglist=no}
| 
| # coreutils
| fu_cv_sys_stat_statfs2_bsize=${fu_cv_sys_stat_statfs2_bsize=yes}
| gl_cv_func_gettimeofday_clobber=${gl_cv_func_gettimeofday_clobber=no}
| gl_cv_func_tzset_clobber=${gl_cv_func_tzset_clobber=no}
| gl_cv_func_gettimeofday_posix_signature=${gl_cv_func_gettimeofday_posix_signature=yes}
| ac_cv_func_posix_spawn=${ac_cv_func_posix_spawn=yes}
| ac_cv_func_posix_spawn_works=${ac_cv_func_posix_spawn_works=yes}
| 
| # va_copy and _va_copy
| ac_cv_va_copy=${ac_cv_va_copy=yes}
| ac_cv___va_copy=${ac_cv___va_copy=yes}
| ac_cv_func_va_copy=${ac_cv_func_va_copy=yes}
| ac_cv_func___va_copy=${ac_cv_func___va_copy=yes}
| 
| # posix_getpwuid_r posix_getgrgid_r posix_getpwnam_r
| ac_cv_func_posix_getpwuid_r=${ac_cv_func_posix_getpwuid_r=yes}
| ac_cv_func_posix_getgrgid_r=${ac_cv_func_posix_getgrgid_r=yes}
| ac_cv_func_posix_getpwnam_r=${ac_cv_func_posix_getpwnam_r=yes}
configure:2164: loading site script /home/architech/Desktop/install-test2/yocto/meta-clanton_v1.0.1/poky/meta/site/common
| # libelf
| mr_cv_target_elf=${mr_cv_target_elf=yes}
| 
| # Normally kernels have /dev/random enabled
| ac_cv_file__dev_random=${ac_cv_file__dev_random=yes}
| 
| # Avoid sudo to assume void for unsetenv in cross environment, or else it conflicts with
| # target stdlib.h prototype which follows POSIX compiliance. Mark for upstream.
| sudo_cv_func_unsetenv_void=no
| 
| # shadow dir info, to avoid searching build system
| shadow_cv_maildir=${localstatedir}/spool/mail
| shadow_cv_mailfile=Mailbox
| shadow_cv_utmpdir=${localstatedir}/run
| shadow_cv_logdir=${localstatedir}/log
| shadow_cv_passwd_dir=${bindir}
| 
| # python: deactivate a runtime check for ipv6-support in python >=2.7.1 that fails when cross-compiling
| ac_cv_buggy_getaddrinfo=no
configure:2164: loading site script /home/architech/Desktop/install-test2/yocto/meta-clanton_v1.0.1/meta-oe/meta-oe/site/endian-little
| # rp-pppoe
| rpppoe_cv_pack_bitfields=${rpppoe_cv_pack_bitfields=rev}
configure:2164: loading site script /home/architech/Desktop/install-test2/yocto/meta-clanton_v1.0.1/yocto_build/tmp/sysroots/clanton/usr/share/i586-poky-linux-uclibc_config_site.d/ncurses_config
| ac_cv_header_X=${ac_cv_header_X=no}
| ac_cv_header__CC=${ac_cv_header__CC=no}
| ac_cv_header__CFLAGS=${ac_cv_header__CFLAGS=no}
| ac_cv_header__CPPFLAGS=${ac_cv_header__CPPFLAGS=no}
| ac_cv_header___5=${ac_cv_header___5=no}
| ac_cv_header__c=${ac_cv_header__c=no}
| ac_cv_header_conftest__ac_ext=${ac_cv_header_conftest__ac_ext=no}
| ac_cv_header_curses_h=${ac_cv_header_curses_h=yes}
| ac_cv_header_inttypes_h=${ac_cv_header_inttypes_h=yes}
| ac_cv_header_memory_h=${ac_cv_header_memory_h=yes}
| ac_cv_header_ncurses_curses_h=${ac_cv_header_ncurses_curses_h=no}
| ac_cv_header_ncurses_h=${ac_cv_header_ncurses_h=yes}
| ac_cv_header_ncurses_termcap_h=${ac_cv_header_ncurses_termcap_h=no}
| ac_cv_header_stdc=${ac_cv_header_stdc=yes}
| ac_cv_header_stdint_h=${ac_cv_header_stdint_h=yes}
| ac_cv_header_stdlib_h=${ac_cv_header_stdlib_h=yes}
| ac_cv_header_string_h=${ac_cv_header_string_h=yes}
| ac_cv_header_strings_h=${ac_cv_header_strings_h=yes}
| ac_cv_header_sys_stat_h=${ac_cv_header_sys_stat_h=yes}
| ac_cv_header_sys_types_h=${ac_cv_header_sys_types_h=yes}
| ac_cv_header_unistd_h=${ac_cv_header_unistd_h=yes}
configure:2308: checking for a BSD-compatible install
configure:2376: result: /usr/bin/install -c
configure:2387: checking whether build environment is sane
configure:2442: result: yes
configure:2501: checking for i586-poky-linux-uclibc-strip
configure:2528: result: i586-poky-linux-uclibc-strip
configure:2593: checking for a thread-safe mkdir -p
configure:2632: result: /bin/mkdir -p
configure:2639: checking for gawk
configure:2655: found /usr/bin/gawk
configure:2666: result: gawk
configure:2677: checking whether make sets $(MAKE)
configure:2699: result: yes
configure:2790: checking build system type
configure:2804: result: i686-pc-linux-gnu
configure:2824: checking host system type
configure:2837: result: i586-poky-linux-uclibc
configure:2943: checking whether to enable maintainer-specific portions of Makefiles
configure:2952: result: no
configure:3027: checking for i586-poky-linux-uclibc-gcc
configure:3054: result: i586-poky-linux-uclibc-gcc  -m32 -march=i586 --sysroot=/home/architech/Desktop/install-test2/yocto/meta-clanton_v1.0.1/yocto_build/tmp/sysroots/clanton
configure:3124: checking for i586-poky-linux-uclibc-gcc
configure:3151: result: i586-poky-linux-uclibc-gcc  -m32 -march=i586 --sysroot=/home/architech/Desktop/install-test2/yocto/meta-clanton_v1.0.1/yocto_build/tmp/sysroots/clanton
configure:3420: checking for C compiler version
configure:3429: i586-poky-linux-uclibc-gcc  -m32 -march=i586 --sysroot=/home/architech/Desktop/install-test2/yocto/meta-clanton_v1.0.1/yocto_build/tmp/sysroots/clanton --version >&5
i586-poky-linux-uclibc-gcc (GCC) 4.7.2
Copyright (C) 2012 Free Software Foundation, Inc.
This is free software; see the source for copying conditions.  There is NO
warranty; not even for MERCHANTABILITY or FITNESS FOR A PARTICULAR PURPOSE.

configure:3440: $? = 0
configure:3429: i586-poky-linux-uclibc-gcc  -m32 -march=i586 --sysroot=/home/architech/Desktop/install-test2/yocto/meta-clanton_v1.0.1/yocto_build/tmp/sysroots/clanton -v >&5
Using built-in specs.
COLLECT_GCC=i586-poky-linux-uclibc-gcc
COLLECT_LTO_WRAPPER=/home/architech/Desktop/install-test2/yocto/meta-clanton_v1.0.1/yocto_build/tmp/sysroots/i686-linux/usr/libexec/i586-poky-linux-uclibc/gcc/i586-poky-linux-uclibc/4.7.2/lto-wrapper
Target: i586-poky-linux-uclibc
Configured with: /home/architech/Desktop/install-test2/yocto/meta-clanton_v1.0.1/yocto_build/tmp/work-shared/gcc-4.7.2-r20/gcc-4.7.2/configure --build=i686-linux --host=i686-linux --target=i586-poky-linux-uclibc --prefix=/home/architech/Desktop/install-test2/yocto/meta-clanton_v1.0.1/yocto_build/tmp/sysroots/i686-linux/usr --exec_prefix=/home/architech/Desktop/install-test2/yocto/meta-clanton_v1.0.1/yocto_build/tmp/sysroots/i686-linux/usr --bindir=/home/architech/Desktop/install-test2/yocto/meta-clanton_v1.0.1/yocto_build/tmp/sysroots/i686-linux/usr/bin/i586-poky-linux-uclibc --sbindir=/home/architech/Desktop/install-test2/yocto/meta-clanton_v1.0.1/yocto_build/tmp/sysroots/i686-linux/usr/bin/i586-poky-linux-uclibc --libexecdir=/home/architech/Desktop/install-test2/yocto/meta-clanton_v1.0.1/yocto_build/tmp/sysroots/i686-linux/usr/libexec/i586-poky-linux-uclibc --datadir=/home/architech/Desktop/install-test2/yocto/meta-clanton_v1.0.1/yocto_build/tmp/sysroots/i686-linux/usr/share --sysconfdir=/home/architech/Desktop/install-test2/yocto/meta-clanton_v1.0.1/yocto_build/tmp/sysroots/i686-linux/etc --sharedstatedir=/home/architech/Desktop/install-test2/yocto/meta-clanton_v1.0.1/yocto_build/tmp/sysroots/i686-linux/com --localstatedir=/home/architech/Desktop/install-test2/yocto/meta-clanton_v1.0.1/yocto_build/tmp/sysroots/i686-linux/var --libdir=/home/architech/Desktop/install-test2/yocto/meta-clanton_v1.0.1/yocto_build/tmp/sysroots/i686-linux/usr/lib/i586-poky-linux-uclibc --includedir=/home/architech/Desktop/install-test2/yocto/meta-clanton_v1.0.1/yocto_build/tmp/sysroots/i686-linux/usr/include --oldincludedir=/home/architech/Desktop/install-test2/yocto/meta-clanton_v1.0.1/yocto_build/tmp/sysroots/i686-linux/usr/include --infodir=/home/architech/Desktop/install-test2/yocto/meta-clanton_v1.0.1/yocto_build/tmp/sysroots/i686-linux/usr/share/info --mandir=/home/architech/Desktop/install-test2/yocto/meta-clanton_v1.0.1/yocto_build/tmp/sysroots/i686-linux/usr/share/man --disable-silent-rules --disable-dependency-tracking --with-libtool-sysroot=/home/architech/Desktop/install-test2/yocto/meta-clanton_v1.0.1/yocto_build/tmp/sysroots/i686-linux --enable-clocale=generic --with-gnu-ld --enable-shared --enable-languages=c,c++ --enable-threads=posix --disable-multilib --enable-c99 --enable-long-long --enable-symvers=gnu --enable-libstdcxx-pch --program-prefix=i586-poky-linux-uclibc- --without-local-prefix --enable-target-optspace --enable-lto --enable-libssp --disable-bootstrap --disable-libmudflap --with-system-zlib --with-linker-hash-style=gnu --enable-linker-build-id --with-ppl=no --with-cloog=no --enable-checking=release --enable-cheaders=c_global --with-gxx-include-dir=/home/architech/Desktop/install-test2/yocto/meta-clanton_v1.0.1/yocto_build/tmp/sysroots/clanton/usr/include/c++ --with-sysroot=/home/architech/Desktop/install-test2/yocto/meta-clanton_v1.0.1/yocto_build/tmp/sysroots/clanton --with-build-sysroot=/home/architech/Desktop/install-test2/yocto/meta-clanton_v1.0.1/yocto_build/tmp/sysroots/clanton --enable-targets=all --enable-poison-system-directories --disable-libunwind-exceptions --with-mpfr=/home/architech/Desktop/install-test2/yocto/meta-clanton_v1.0.1/yocto_build/tmp/sysroots/i686-linux/usr --with-system-zlib --disable-nls --disable-decimal-float --enable-__cxa_atexit
Thread model: posix
gcc version 4.7.2 (GCC) 
configure:3440: $? = 0
configure:3429: i586-poky-linux-uclibc-gcc  -m32 -march=i586 --sysroot=/home/architech/Desktop/install-test2/yocto/meta-clanton_v1.0.1/yocto_build/tmp/sysroots/clanton -V >&5
i586-poky-linux-uclibc-gcc: error: unrecognized command line option '-V'
i586-poky-linux-uclibc-gcc: fatal error: no input files
compilation terminated.
configure:3440: $? = 1
configure:3429: i586-poky-linux-uclibc-gcc  -m32 -march=i586 --sysroot=/home/architech/Desktop/install-test2/yocto/meta-clanton_v1.0.1/yocto_build/tmp/sysroots/clanton -qversion >&5
i586-poky-linux-uclibc-gcc: error: unrecognized command line option '-qversion'
i586-poky-linux-uclibc-gcc: fatal error: no input files
compilation terminated.
configure:3440: $? = 1
configure:3460: checking whether the C compiler works
configure:3482: i586-poky-linux-uclibc-gcc  -m32 -march=i586 --sysroot=/home/architech/Desktop/install-test2/yocto/meta-clanton_v1.0.1/yocto_build/tmp/sysroots/clanton -O2 -pipe -g -feliminate-unused-debug-types -Os -fno-strict-aliasing -Wall -Werror -Wno-shadow -Wno-unused  -Wno-pointer-sign   -DINTEL_QUARK_TEST=1  -Wl,-O1 -Wl,--hash-style=gnu -Wl,--as-needed conftest.c  >&5
configure:3486: $? = 0
configure:3534: result: yes
configure:3537: checking for C compiler default output file name
configure:3539: result: a.out
configure:3545: checking for suffix of executables
configure:3552: i586-poky-linux-uclibc-gcc  -m32 -march=i586 --sysroot=/home/architech/Desktop/install-test2/yocto/meta-clanton_v1.0.1/yocto_build/tmp/sysroots/clanton -o conftest -O2 -pipe -g -feliminate-unused-debug-types -Os -fno-strict-aliasing -Wall -Werror -Wno-shadow -Wno-unused  -Wno-pointer-sign   -DINTEL_QUARK_TEST=1  -Wl,-O1 -Wl,--hash-style=gnu -Wl,--as-needed conftest.c  >&5
configure:3556: $? = 0
configure:3578: result: 
configure:3600: checking whether we are cross compiling
configure:3638: result: yes
configure:3643: checking for suffix of object files
configure:3665: i586-poky-linux-uclibc-gcc  -m32 -march=i586 --sysroot=/home/architech/Desktop/install-test2/yocto/meta-clanton_v1.0.1/yocto_build/tmp/sysroots/clanton -c -O2 -pipe -g -feliminate-unused-debug-types -Os -fno-strict-aliasing -Wall -Werror -Wno-shadow -Wno-unused  -Wno-pointer-sign   -DINTEL_QUARK_TEST=1  conftest.c >&5
configure:3669: $? = 0
configure:3690: result: o
configure:3694: checking whether we are using the GNU C compiler
configure:3713: i586-poky-linux-uclibc-gcc  -m32 -march=i586 --sysroot=/home/architech/Desktop/install-test2/yocto/meta-clanton_v1.0.1/yocto_build/tmp/sysroots/clanton -c -O2 -pipe -g -feliminate-unused-debug-types -Os -fno-strict-aliasing -Wall -Werror -Wno-shadow -Wno-unused  -Wno-pointer-sign   -DINTEL_QUARK_TEST=1  conftest.c >&5
configure:3713: $? = 0
configure:3722: result: yes
configure:3731: checking whether i586-poky-linux-uclibc-gcc  -m32 -march=i586 --sysroot=/home/architech/Desktop/install-test2/yocto/meta-clanton_v1.0.1/yocto_build/tmp/sysroots/clanton accepts -g
configure:3751: i586-poky-linux-uclibc-gcc  -m32 -march=i586 --sysroot=/home/architech/Desktop/install-test2/yocto/meta-clanton_v1.0.1/yocto_build/tmp/sysroots/clanton -c -g  conftest.c >&5
configure:3751: $? = 0
configure:3792: result: yes
configure:3809: checking for i586-poky-linux-uclibc-gcc  -m32 -march=i586 --sysroot=/home/architech/Desktop/install-test2/yocto/meta-clanton_v1.0.1/yocto_build/tmp/sysroots/clanton option to accept ISO C89
configure:3872: i586-poky-linux-uclibc-gcc  -m32 -march=i586 --sysroot=/home/architech/Desktop/install-test2/yocto/meta-clanton_v1.0.1/yocto_build/tmp/sysroots/clanton  -c -O2 -pipe -g -feliminate-unused-debug-types -Os -fno-strict-aliasing -Wall -Werror -Wno-shadow -Wno-unused  -Wno-pointer-sign   -DINTEL_QUARK_TEST=1  conftest.c >&5
configure:3872: $? = 0
configure:3885: result: none needed
configure:3916: checking for style of include used by make
configure:3944: result: GNU
configure:3970: checking dependency style of i586-poky-linux-uclibc-gcc  -m32 -march=i586 --sysroot=/home/architech/Desktop/install-test2/yocto/meta-clanton_v1.0.1/yocto_build/tmp/sysroots/clanton
configure:4081: result: none
configure:4100: checking dependency style of i586-poky-linux-uclibc-gcc  -m32 -march=i586 --sysroot=/home/architech/Desktop/install-test2/yocto/meta-clanton_v1.0.1/yocto_build/tmp/sysroots/clanton
configure:4211: result: none
configure:4233: checking dependency style of i586-poky-linux-uclibc-gcc  -m32 -march=i586 --sysroot=/home/architech/Desktop/install-test2/yocto/meta-clanton_v1.0.1/yocto_build/tmp/sysroots/clanton
configure:4342: result: none
configure:4412: checking for i586-poky-linux-uclibc-ranlib
configure:4439: result: i586-poky-linux-uclibc-ranlib
configure:4554: checking whether gcc has -fno-stack-protector
configure:4573: i586-poky-linux-uclibc-gcc  -m32 -march=i586 --sysroot=/home/architech/Desktop/install-test2/yocto/meta-clanton_v1.0.1/yocto_build/tmp/sysroots/clanton -c -fno-stack-protector  conftest.c >&5
configure:4573: $? = 0
configure:4582: result: yes
configure:4612: checking whether -Wundef works
configure:4631: i586-poky-linux-uclibc-gcc  -m32 -march=i586 --sysroot=/home/architech/Desktop/install-test2/yocto/meta-clanton_v1.0.1/yocto_build/tmp/sysroots/clanton -c -O2 -pipe -g -feliminate-unused-debug-types -Os -fno-strict-aliasing -Wall -Werror -Wno-shadow -Wno-unused -Wno-pointer-sign -DINTEL_QUARK_TEST=1 -g -Wundef conftest.c >&5
configure:4631: $? = 0
configure:4640: result: yes
configure:4645: checking whether -falign-loops works
configure:4664: i586-poky-linux-uclibc-gcc  -m32 -march=i586 --sysroot=/home/architech/Desktop/install-test2/yocto/meta-clanton_v1.0.1/yocto_build/tmp/sysroots/clanton -c -O2 -pipe -g -feliminate-unused-debug-types -Os -fno-strict-aliasing -Wall -Werror -Wno-shadow -Wno-unused -Wno-pointer-sign -DINTEL_QUARK_TEST=1 -g -falign-loops=1 conftest.c >&5
configure:4664: $? = 0
configure:4673: result: yes
configure:4733: checking for i586-poky-linux-uclibc-objcopy
configure:4760: result: i586-poky-linux-uclibc-objcopy
configure:4826: checking if C symbols get an underscore after compilation
configure:4841: i586-poky-linux-uclibc-gcc  -m32 -march=i586 --sysroot=/home/architech/Desktop/install-test2/yocto/meta-clanton_v1.0.1/yocto_build/tmp/sysroots/clanton -O2 -pipe -g -feliminate-unused-debug-types -Os -fno-strict-aliasing -Wall -Werror -Wno-shadow -Wno-unused -Wno-pointer-sign -DINTEL_QUARK_TEST=1 -g -S conftest.c
configure:4844: $? = 0
configure:4869: result: no
configure:4940: checking whether addr32 must be in the same line as the instruction
configure:4951: i586-poky-linux-uclibc-gcc  -m32 -march=i586 --sysroot=/home/architech/Desktop/install-test2/yocto/meta-clanton_v1.0.1/yocto_build/tmp/sysroots/clanton -O2 -pipe -g -feliminate-unused-debug-types -Os -fno-strict-aliasing -Wall -Werror -Wno-shadow -Wno-unused -Wno-pointer-sign -DINTEL_QUARK_TEST=1 -g -c conftest.s
configure:4954: $? = 0
configure:4984: result: yes
configure:4989: checking for .code16 addr32 assembler support
configure:5006: i586-poky-linux-uclibc-gcc  -m32 -march=i586 --sysroot=/home/architech/Desktop/install-test2/yocto/meta-clanton_v1.0.1/yocto_build/tmp/sysroots/clanton -O2 -pipe -g -feliminate-unused-debug-types -Os -fno-strict-aliasing -Wall -Werror -Wno-shadow -Wno-unused -Wno-pointer-sign -DINTEL_QUARK_TEST=1 -g -c conftest.s
configure:5009: $? = 0
configure:5020: result: yes
configure:5027: checking whether an absolute indirect call/jump must not be prefixed with an asterisk
configure:5040: i586-poky-linux-uclibc-gcc  -m32 -march=i586 --sysroot=/home/architech/Desktop/install-test2/yocto/meta-clanton_v1.0.1/yocto_build/tmp/sysroots/clanton -O2 -pipe -g -feliminate-unused-debug-types -Os -fno-strict-aliasing -Wall -Werror -Wno-shadow -Wno-unused -Wno-pointer-sign -DINTEL_QUARK_TEST=1 -g -c conftest.s
configure:5043: $? = 0
configure:5060: result: no
configure:5064: checking if start is defined by the compiler
configure:5080: i586-poky-linux-uclibc-gcc  -m32 -march=i586 --sysroot=/home/architech/Desktop/install-test2/yocto/meta-clanton_v1.0.1/yocto_build/tmp/sysroots/clanton -o conftest -O2 -pipe -g -feliminate-unused-debug-types -Os -fno-strict-aliasing -Wall -Werror -Wno-shadow -Wno-unused -Wno-pointer-sign -DINTEL_QUARK_TEST=1 -g  -Wall -Wmissing-prototypes -Wunused -Wshadow -Wpointer-arith -falign-jumps=1 -falign-loops=1 -falign-functions=1 -Wundef -Wl,-O1 -Wl,--hash-style=gnu -Wl,--as-needed conftest.c  >&5
/tmp/ccybAMPZ.o: In function `main':
/home/architech/Desktop/install-test2/yocto/meta-clanton_v1.0.1/yocto_build/tmp/work/i586-poky-linux-uclibc/grub/0.97+gitAUTOINC+5775f32a6268dead6939d01cbe72f23972f6d3c0-r0/git/conftest.c:18: undefined reference to `start'
collect2: error: ld returned 1 exit status
configure:5080: $? = 1
configure: failed program was:
| /* confdefs.h */
| #define PACKAGE_NAME "GRUB"
| #define PACKAGE_TARNAME "grub"
| #define PACKAGE_VERSION "0.97"
| #define PACKAGE_STRING "GRUB 0.97"
| #define PACKAGE_BUGREPORT "bug-grub@gnu.org"
| #define PACKAGE_URL ""
| #define PACKAGE "grub"
| #define VERSION "0.97"
| #define PLATFORM_EFI 1
| #define ADDR32 addr32
| #define DATA32 data32
| /* end confdefs.h.  */
| 
| int
| main ()
| {
| asm ("incl start")
|   ;
|   return 0;
| }
configure:5096: result: no
configure:5100: checking if _start is defined by the compiler
configure:5116: i586-poky-linux-uclibc-gcc  -m32 -march=i586 --sysroot=/home/architech/Desktop/install-test2/yocto/meta-clanton_v1.0.1/yocto_build/tmp/sysroots/clanton -o conftest -O2 -pipe -g -feliminate-unused-debug-types -Os -fno-strict-aliasing -Wall -Werror -Wno-shadow -Wno-unused -Wno-pointer-sign -DINTEL_QUARK_TEST=1 -g  -Wall -Wmissing-prototypes -Wunused -Wshadow -Wpointer-arith -falign-jumps=1 -falign-loops=1 -falign-functions=1 -Wundef -Wl,-O1 -Wl,--hash-style=gnu -Wl,--as-needed conftest.c  >&5
configure:5116: $? = 0
configure:5132: result: yes
configure:5141: checking if __bss_start is defined by the compiler
configure:5157: i586-poky-linux-uclibc-gcc  -m32 -march=i586 --sysroot=/home/architech/Desktop/install-test2/yocto/meta-clanton_v1.0.1/yocto_build/tmp/sysroots/clanton -o conftest -O2 -pipe -g -feliminate-unused-debug-types -Os -fno-strict-aliasing -Wall -Werror -Wno-shadow -Wno-unused -Wno-pointer-sign -DINTEL_QUARK_TEST=1 -g  -Wall -Wmissing-prototypes -Wunused -Wshadow -Wpointer-arith -falign-jumps=1 -falign-loops=1 -falign-functions=1 -Wundef -Wl,-O1 -Wl,--hash-style=gnu -Wl,--as-needed conftest.c  >&5
configure:5157: $? = 0
configure:5173: result: yes
configure:5177: checking if _edata is defined by the compiler
configure:5193: i586-poky-linux-uclibc-gcc  -m32 -march=i586 --sysroot=/home/architech/Desktop/install-test2/yocto/meta-clanton_v1.0.1/yocto_build/tmp/sysroots/clanton -o conftest -O2 -pipe -g -feliminate-unused-debug-types -Os -fno-strict-aliasing -Wall -Werror -Wno-shadow -Wno-unused -Wno-pointer-sign -DINTEL_QUARK_TEST=1 -g  -Wall -Wmissing-prototypes -Wunused -Wshadow -Wpointer-arith -falign-jumps=1 -falign-loops=1 -falign-functions=1 -Wundef -Wl,-O1 -Wl,--hash-style=gnu -Wl,--as-needed conftest.c  >&5
configure:5193: $? = 0
configure:5209: result: yes
configure:5213: checking if edata is defined by the compiler
configure:5229: i586-poky-linux-uclibc-gcc  -m32 -march=i586 --sysroot=/home/architech/Desktop/install-test2/yocto/meta-clanton_v1.0.1/yocto_build/tmp/sysroots/clanton -o conftest -O2 -pipe -g -feliminate-unused-debug-types -Os -fno-strict-aliasing -Wall -Werror -Wno-shadow -Wno-unused -Wno-pointer-sign -DINTEL_QUARK_TEST=1 -g  -Wall -Wmissing-prototypes -Wunused -Wshadow -Wpointer-arith -falign-jumps=1 -falign-loops=1 -falign-functions=1 -Wundef -Wl,-O1 -Wl,--hash-style=gnu -Wl,--as-needed conftest.c  >&5
configure:5229: $? = 0
configure:5245: result: yes
configure:5255: checking if end is defined by the compiler
configure:5271: i586-poky-linux-uclibc-gcc  -m32 -march=i586 --sysroot=/home/architech/Desktop/install-test2/yocto/meta-clanton_v1.0.1/yocto_build/tmp/sysroots/clanton -o conftest -O2 -pipe -g -feliminate-unused-debug-types -Os -fno-strict-aliasing -Wall -Werror -Wno-shadow -Wno-unused -Wno-pointer-sign -DINTEL_QUARK_TEST=1 -g  -Wall -Wmissing-prototypes -Wunused -Wshadow -Wpointer-arith -falign-jumps=1 -falign-loops=1 -falign-functions=1 -Wundef -Wl,-O1 -Wl,--hash-style=gnu -Wl,--as-needed conftest.c  >&5
configure:5271: $? = 0
configure:5287: result: yes
configure:5291: checking if _end is defined by the compiler
configure:5307: i586-poky-linux-uclibc-gcc  -m32 -march=i586 --sysroot=/home/architech/Desktop/install-test2/yocto/meta-clanton_v1.0.1/yocto_build/tmp/sysroots/clanton -o conftest -O2 -pipe -g -feliminate-unused-debug-types -Os -fno-strict-aliasing -Wall -Werror -Wno-shadow -Wno-unused -Wno-pointer-sign -DINTEL_QUARK_TEST=1 -g  -Wall -Wmissing-prototypes -Wunused -Wshadow -Wpointer-arith -falign-jumps=1 -falign-loops=1 -falign-functions=1 -Wundef -Wl,-O1 -Wl,--hash-style=gnu -Wl,--as-needed conftest.c  >&5
configure:5307: $? = 0
configure:5323: result: yes
configure:5341: checking for opendisk in -lutil
configure:5366: i586-poky-linux-uclibc-gcc  -m32 -march=i586 --sysroot=/home/architech/Desktop/install-test2/yocto/meta-clanton_v1.0.1/yocto_build/tmp/sysroots/clanton -o conftest -O2 -pipe -g -feliminate-unused-debug-types -Os -fno-strict-aliasing -Wall -Werror -Wno-shadow -Wno-unused -Wno-pointer-sign -DINTEL_QUARK_TEST=1 -g  -Wall -Wmissing-prototypes -Wunused -Wshadow -Wpointer-arith -falign-jumps=1 -falign-loops=1 -falign-functions=1 -Wundef -Wl,-O1 -Wl,--hash-style=gnu -Wl,--as-needed conftest.c -lutil   >&5
/tmp/ccUkFe0D.o: In function `main':
/home/architech/Desktop/install-test2/yocto/meta-clanton_v1.0.1/yocto_build/tmp/work/i586-poky-linux-uclibc/grub/0.97+gitAUTOINC+5775f32a6268dead6939d01cbe72f23972f6d3c0-r0/git/conftest.c:31: undefined reference to `opendisk'
collect2: error: ld returned 1 exit status
configure:5366: $? = 1
configure: failed program was:
| /* confdefs.h */
| #define PACKAGE_NAME "GRUB"
| #define PACKAGE_TARNAME "grub"
| #define PACKAGE_VERSION "0.97"
| #define PACKAGE_STRING "GRUB 0.97"
| #define PACKAGE_BUGREPORT "bug-grub@gnu.org"
| #define PACKAGE_URL ""
| #define PACKAGE "grub"
| #define VERSION "0.97"
| #define PLATFORM_EFI 1
| #define ADDR32 addr32
| #define DATA32 data32
| #define HAVE_USCORE_START_SYMBOL 1
| #define HAVE_USCORE_USCORE_BSS_START_SYMBOL 1
| #define HAVE_USCORE_EDATA_SYMBOL 1
| #define HAVE_EDATA_SYMBOL 1
| #define HAVE_END_SYMBOL 1
| #define HAVE_USCORE_END_SYMBOL 1
| /* end confdefs.h.  */
| 
| /* Override any GCC internal prototype to avoid an error.
|    Use char because int might match the return type of a GCC
|    builtin and then its argument prototype would still apply.  */
| #ifdef __cplusplus
| extern "C"
| #endif
| char opendisk ();
| int
| main ()
| {
| return opendisk ();
|   ;
|   return 0;
| }
configure:5375: result: no
configure:5528: checking how to run the C preprocessor
configure:5598: result: i586-poky-linux-uclibc-gcc -E --sysroot=/home/architech/Desktop/install-test2/yocto/meta-clanton_v1.0.1/yocto_build/tmp/sysroots/clanton  -m32 -march=i586
configure:5618: i586-poky-linux-uclibc-gcc -E --sysroot=/home/architech/Desktop/install-test2/yocto/meta-clanton_v1.0.1/yocto_build/tmp/sysroots/clanton  -m32 -march=i586  -Wall -Wmissing-prototypes -Wunused -Wshadow -Wpointer-arith -falign-jumps=1 -falign-loops=1 -falign-functions=1 -Wundef conftest.c
configure:5618: $? = 0
configure:5632: i586-poky-linux-uclibc-gcc -E --sysroot=/home/architech/Desktop/install-test2/yocto/meta-clanton_v1.0.1/yocto_build/tmp/sysroots/clanton  -m32 -march=i586  -Wall -Wmissing-prototypes -Wunused -Wshadow -Wpointer-arith -falign-jumps=1 -falign-loops=1 -falign-functions=1 -Wundef conftest.c
conftest.c:20:28: fatal error: ac_nonexistent.h: No such file or directory
compilation terminated.
configure:5632: $? = 1
configure: failed program was:
| /* confdefs.h */
| #define PACKAGE_NAME "GRUB"
| #define PACKAGE_TARNAME "grub"
| #define PACKAGE_VERSION "0.97"
| #define PACKAGE_STRING "GRUB 0.97"
| #define PACKAGE_BUGREPORT "bug-grub@gnu.org"
| #define PACKAGE_URL ""
| #define PACKAGE "grub"
| #define VERSION "0.97"
| #define PLATFORM_EFI 1
| #define ADDR32 addr32
| #define DATA32 data32
| #define HAVE_USCORE_START_SYMBOL 1
| #define HAVE_USCORE_USCORE_BSS_START_SYMBOL 1
| #define HAVE_USCORE_EDATA_SYMBOL 1
| #define HAVE_EDATA_SYMBOL 1
| #define HAVE_END_SYMBOL 1
| #define HAVE_USCORE_END_SYMBOL 1
| /* end confdefs.h.  */
| #include <ac_nonexistent.h>
configure:5661: checking for grep that handles long lines and -e
configure:5719: result: /bin/grep
configure:5724: checking for egrep
configure:5786: result: /bin/grep -E
configure:5791: checking for ANSI C header files
configure:5895: result: yes
configure:5908: checking for sys/types.h
configure:5908: result: yes
configure:5908: checking for sys/stat.h
configure:5908: result: yes
configure:5908: checking for stdlib.h
configure:5908: result: yes
configure:5908: checking for string.h
configure:5908: result: yes
configure:5908: checking for memory.h
configure:5908: result: yes
configure:5908: checking for strings.h
configure:5908: result: yes
configure:5908: checking for inttypes.h
configure:5908: result: yes
configure:5908: checking for stdint.h
configure:5908: result: yes
configure:5908: checking for unistd.h
configure:5908: result: yes
configure:5923: checking for string.h
configure:5923: result: yes
configure:5923: checking for strings.h
configure:5923: result: yes
configure:5923: checking for ncurses/curses.h
configure:5923: result: no
configure:5923: checking for ncurses.h
configure:5923: result: yes
configure:5923: checking for curses.h
configure:5923: result: yes
configure:6754: checking that generated files are newer than configure
configure:6760: result: done
configure:6827: creating ./config.status

## ---------------------- ##
## Running config.status. ##
## ---------------------- ##

This file was extended by GRUB config.status 0.97, which was
generated by GNU Autoconf 2.69.  Invocation command line was

  CONFIG_FILES    = 
  CONFIG_HEADERS  = 
  CONFIG_LINKS    = 
  CONFIG_COMMANDS = 
  $ ./config.status 

on architech

config.status:943: creating efi/Makefile
config.status:943: creating Makefile
config.status:943: creating stage1/Makefile
config.status:943: creating stage2/Makefile
config.status:943: creating docs/Makefile
config.status:943: creating lib/Makefile
config.status:943: creating util/Makefile
config.status:943: creating grub/Makefile
config.status:943: creating netboot/Makefile
config.status:943: creating util/grub-crypt
config.status:943: creating util/grub-image
config.status:943: creating util/grub-install
config.status:1051: WARNING:  'util/grub-install.in' seems to ignore the --datarootdir setting
config.status:943: creating util/grub-md5-crypt
config.status:943: creating util/grub-terminfo
config.status:943: creating config.h
config.status:1184: linking efi/grub/i386 to efi/grub/cpu
config.status:1203: executing depfiles commands
configure:8189: WARNING: unrecognized options: --disable-silent-rules, --with-libtool-sysroot

## ---------------- ##
## Cache variables. ##
## ---------------- ##

ac_cv___va_copy=yes
ac_cv_alignof_CORBA_boolean=1
ac_cv_alignof_CORBA_char=1
ac_cv_alignof_CORBA_double=4
ac_cv_alignof_CORBA_float=4
ac_cv_alignof_CORBA_long=4
ac_cv_alignof_CORBA_long_double=4
ac_cv_alignof_CORBA_long_long=4
ac_cv_alignof_CORBA_octet=1
ac_cv_alignof_CORBA_pointer=4
ac_cv_alignof_CORBA_short=2
ac_cv_alignof_CORBA_struct=4
ac_cv_alignof_CORBA_wchar=2
ac_cv_alignof_char=1
ac_cv_alignof_dbind_pointer=4
ac_cv_alignof_dbind_struct=1
ac_cv_alignof_dbus_bool_t=4
ac_cv_alignof_dbus_int16_t=2
ac_cv_alignof_dbus_int32_t=4
ac_cv_alignof_dbus_int64_t=4
ac_cv_alignof_double=4
ac_cv_alignof_guint32=4
ac_cv_alignof_guint64=4
ac_cv_alignof_unsigned_long=4
ac_cv_buggy_getaddrinfo=no
ac_cv_build=i686-pc-linux-gnu
ac_cv_c_bigendian=no
ac_cv_c_compiler_gnu=yes
ac_cv_c_endian=little
ac_cv_c_littleendian=yes
ac_cv_c_long_double=yes
ac_cv_conv_longlong_to_float=yes
ac_cv_dirent_have_space_d_name=yes
ac_cv_env_CC_set=set
ac_cv_env_CC_value='i586-poky-linux-uclibc-gcc  -m32 -march=i586 --sysroot=/home/architech/Desktop/install-test2/yocto/meta-clanton_v1.0.1/yocto_build/tmp/sysroots/clanton'
ac_cv_env_CFLAGS_set=set
ac_cv_env_CFLAGS_value='-O2 -pipe -g -feliminate-unused-debug-types -Os -fno-strict-aliasing -Wall -Werror -Wno-shadow -Wno-unused  -Wno-pointer-sign   -DINTEL_QUARK_TEST=1'
ac_cv_env_CPPFLAGS_set=set
ac_cv_env_CPPFLAGS_value=
ac_cv_env_CPP_set=set
ac_cv_env_CPP_value='i586-poky-linux-uclibc-gcc -E --sysroot=/home/architech/Desktop/install-test2/yocto/meta-clanton_v1.0.1/yocto_build/tmp/sysroots/clanton  -m32 -march=i586'
ac_cv_env_LDFLAGS_set=set
ac_cv_env_LDFLAGS_value='-Wl,-O1 -Wl,--hash-style=gnu -Wl,--as-needed'
ac_cv_env_LIBS_set=
ac_cv_env_LIBS_value=
ac_cv_env_build_alias_set=set
ac_cv_env_build_alias_value=i686-linux
ac_cv_env_host_alias_set=set
ac_cv_env_host_alias_value=i586-poky-linux-uclibc
ac_cv_env_target_alias_set=set
ac_cv_env_target_alias_value=i586-poky-linux-uclibc
ac_cv_file__dev_random=yes
ac_cv_file__dev_zero=yes
ac_cv_file__usr_share_X11_sgml_defs_ent=no
ac_cv_file_lib_src_libmad_frame_h=no
ac_cv_func___va_copy=yes
ac_cv_func_fnmatch_works=yes
ac_cv_func_getaddrinfo=yes
ac_cv_func_getgrgid_r=yes
ac_cv_func_getpgrp_void=yes
ac_cv_func_getpwuid_r=yes
ac_cv_func_lstat_dereferences_slashed_symlink=yes
ac_cv_func_lstat_empty_string_bug=no
ac_cv_func_malloc_0_nonnull=yes
ac_cv_func_malloc_works=yes
ac_cv_func_mmap_fixed_mapped=yes
ac_cv_func_posix_getgrgid_r=yes
ac_cv_func_posix_getpwnam_r=yes
ac_cv_func_posix_getpwuid_r=yes
ac_cv_func_posix_spawn=yes
ac_cv_func_posix_spawn_works=yes
ac_cv_func_printf_unix98=yes
ac_cv_func_pthread_key_delete=yes
ac_cv_func_realloc_0_nonnull=yes
ac_cv_func_realloc_works=yes
ac_cv_func_setgrent_void=yes
ac_cv_func_setpgrp_void=yes
ac_cv_func_setvbuf_reversed=no
ac_cv_func_snprintf_c99=yes
ac_cv_func_stat_empty_string_bug=no
ac_cv_func_stat_ignores_trailing_slash=no
ac_cv_func_va_copy=yes
ac_cv_func_vsnprintf_c99=yes
ac_cv_have_abstract_sockets=yes
ac_cv_have_accrights_in_msghdr=no
ac_cv_have_broken_snprintf=no
ac_cv_have_control_in_msghdr=yes
ac_cv_have_decl_sys_siglist=no
ac_cv_have_long_long_format=yes
ac_cv_have_openpty_ctty_bug=yes
ac_cv_have_space_d_name_in_struct_dirent=yes
ac_cv_header_X=no
ac_cv_header__CC=no
ac_cv_header__CFLAGS=no
ac_cv_header__CPPFLAGS=no
ac_cv_header___5=no
ac_cv_header__c=no
ac_cv_header_conftest__ac_ext=no
ac_cv_header_curses_h=yes
ac_cv_header_inttypes_h=yes
ac_cv_header_memory_h=yes
ac_cv_header_ncurses_curses_h=no
ac_cv_header_ncurses_h=yes
ac_cv_header_ncurses_termcap_h=no
ac_cv_header_netinet_sctp_h=no
ac_cv_header_netinet_sctp_uio_h=no
ac_cv_header_stdc=yes
ac_cv_header_stdint_h=yes
ac_cv_header_stdlib_h=yes
ac_cv_header_string_h=yes
ac_cv_header_strings_h=yes
ac_cv_header_sys_stat_h=yes
ac_cv_header_sys_types_h=yes
ac_cv_header_unistd_h=yes
ac_cv_host=i586-poky-linux-uclibc
ac_cv_lbl_unaligned_fail=no
ac_cv_lib_c_signalfd=yes
ac_cv_lib_util_opendisk=no
ac_cv_libiconv_utf8=yes
ac_cv_libnet_endianess=lil
ac_cv_linux_vers=2
ac_cv_need_trio=no
ac_cv_o_nonblock_inherited=no
ac_cv_objext=o
ac_cv_path_EGREP='/bin/grep -E'
ac_cv_path_ESD_CONFIG=no
ac_cv_path_GREP=/bin/grep
ac_cv_path_install='/usr/bin/install -c'
ac_cv_path_mkdir=/bin/mkdir
ac_cv_pread=no
ac_cv_prog_AWK=gawk
ac_cv_prog_CC='i586-poky-linux-uclibc-gcc  -m32 -march=i586 --sysroot=/home/architech/Desktop/install-test2/yocto/meta-clanton_v1.0.1/yocto_build/tmp/sysroots/clanton'
ac_cv_prog_CPP='i586-poky-linux-uclibc-gcc -E --sysroot=/home/architech/Desktop/install-test2/yocto/meta-clanton_v1.0.1/yocto_build/tmp/sysroots/clanton  -m32 -march=i586'
ac_cv_prog_OBJCOPY=i586-poky-linux-uclibc-objcopy
ac_cv_prog_RANLIB=i586-poky-linux-uclibc-ranlib
ac_cv_prog_STRIP=i586-poky-linux-uclibc-strip
ac_cv_prog_cc_c89=
ac_cv_prog_cc_g=yes
ac_cv_prog_make_make_set=yes
ac_cv_pwrite=no
ac_cv_sctp=no
ac_cv_sizeof_char=1
ac_cv_sizeof_char_p=4
ac_cv_sizeof_dev_t=8
ac_cv_sizeof_float=4
ac_cv_sizeof_gid_t=4
ac_cv_sizeof_ino_t=4
ac_cv_sizeof_int=4
ac_cv_sizeof_int_p=4
ac_cv_sizeof_long=4
ac_cv_sizeof_long_long=8
ac_cv_sizeof_long_p=4
ac_cv_sizeof_off_t=4
ac_cv_sizeof_pid_t=4
ac_cv_sizeof_short=2
ac_cv_sizeof_size_t=4
ac_cv_sizeof_ssize_t=4
ac_cv_sizeof_uid_t=4
ac_cv_sizeof_unsigned_char=1
ac_cv_sizeof_unsigned_char_p=4
ac_cv_sizeof_unsigned_int=4
ac_cv_sizeof_unsigned_long=4
ac_cv_sizeof_unsigned_long_long=8
ac_cv_sizeof_unsigned_short=2
ac_cv_sizeof_void_p=4
ac_cv_sizeof_wchar_t=4
ac_cv_sys_linker_h=no
ac_cv_sys_restartable_syscalls=yes
ac_cv_type_struct_timespec=yes
ac_cv_uchar=no
ac_cv_uint=yes
ac_cv_ulong=yes
ac_cv_ushort=yes
ac_cv_va_copy=yes
ac_cv_va_val_copy=yes
am_cv_CCAS_dependencies_compiler_type=none
am_cv_CC_dependencies_compiler_type=none
am_cv_func_working_getline=yes
apr_cv_process_shared_works=no
apr_cv_tcp_nodelay_with_cork=yes
bash_cv_dup2_broken=no
bash_cv_func_sigsetjmp=missing
bash_cv_func_strcoll_broken=no
bash_cv_getcwd_calls_popen=no
bash_cv_getenv_redef=yes
bash_cv_have_mbstate_t=yes
bash_cv_job_control_missing=present
bash_cv_must_reinstall_sighandlers=no
bash_cv_opendir_not_robust=no
bash_cv_pgrp_pipe=no
bash_cv_printf_a_format=yes
bash_cv_sys_named_pipes=present
bash_cv_sys_siglist=no
bash_cv_type_rlimit=rlim_t
bash_cv_ulimit_maxfds=yes
bash_cv_under_sys_siglist=no
bash_cv_unusable_rtsigs=no
cvs_cv_func_printf_ptr=yes
db_cv_align_t='unsigned long long'
db_cv_alignp_t='unsigned long'
db_cv_fcntl_f_setfd=yes
db_cv_path_ar=/usr/bin/ar
db_cv_path_chmod=/bin/chmod
db_cv_path_cp=/bin/cp
db_cv_path_ln=/bin/ln
db_cv_path_mkdir=/bin/mkdir
db_cv_path_ranlib=/usr/bin/ranlib
db_cv_path_rm=/bin/rm
db_cv_path_sh=/bin/sh
db_cv_path_strip=/usr/bin/strip
db_cv_sprintf_count=yes
ettercap_cv_type_socklen_t=yes
fu_cv_sys_stat_statfs2_bsize=yes
gl_cv_func_fstatat_zero_flag=yes
gl_cv_func_gettimeofday_clobber=no
gl_cv_func_gettimeofday_posix_signature=yes
gl_cv_func_tzset_clobber=no
glib_cv_compliant_posix_memalign=1
glib_cv_has__inline=yes
glib_cv_has__inline__=yes
glib_cv_hasinline=yes
glib_cv_have_qsort_r=no
glib_cv_long_long_format=ll
glib_cv_rtldglobal_broken=yes
glib_cv_sane_realloc=yes
glib_cv_sizeof_gmutex=24
glib_cv_sizeof_system_thread=4
glib_cv_stack_grows=no
glib_cv_strlcpy=no
glib_cv_sys_pthread_cond_timedwait_posix=yes
glib_cv_sys_pthread_getspecific_posix=yes
glib_cv_sys_pthread_mutex_trylock_posix=yes
glib_cv_uscore=no
glib_cv_use_pid_surrogate=yes
glib_cv_va_val_copy=yes
grub_cv_asm_absolute_without_asterisk=no
grub_cv_asm_addr32=yes
grub_cv_asm_prefix_requirement=yes
grub_cv_asm_uscore=no
grub_cv_check_edata_symbol=yes
grub_cv_check_end_symbol=yes
grub_cv_check_start_symbol=no
grub_cv_check_uscore_edata_symbol=yes
grub_cv_check_uscore_end_symbol=yes
grub_cv_check_uscore_start_symbol=yes
grub_cv_check_uscore_uscore_bss_start_symbol=yes
jm_cv_func_gettimeofday_clobber=no
jm_cv_func_working_readdir=yes
lf_cv_sane_realloc=yes
lftp_cv_va_val_copy=yes
libIDL_cv_long_long_format=ll
lt_cv_sys_lib_dlsearch_path_spec='/usr/lib /lib'
moz_cv_align_of_JS_ALIGN_OF_POINTER=4
moz_cv_size_of_JS_BYTES_PER_DOUBLE=8
moz_cv_size_of_JS_BYTES_PER_WORD=4
mr_cv_target_elf=yes
mysql_cv_func_atomic_add=yes
mysql_cv_func_atomic_sub=yes
nfsd_cv_broken_setfsuid=0
nfsd_cv_bsd_signals=yes
nfsd_cv_func_statfs=statfs2_bsize
php_cv_lib_cookie_io_functions_use_off64_t=yes
rpppoe_cv_pack_bitfields=rev
rsync_cv_HAVE_BROKEN_LARGEFILE=no
rsync_cv_HAVE_BROKEN_READDIR=no
rsync_cv_HAVE_C99_VSNPRINTF=yes
rsync_cv_HAVE_GETTIMEOFDAY_TZ=yes
rsync_cv_HAVE_LONGLONG=yes
rsync_cv_HAVE_OFF64_T=no
rsync_cv_HAVE_SECURE_MKSTEMP=yes
rsync_cv_HAVE_SHORT_INO_T=no
rsync_cv_HAVE_SOCKETPAIR=yes
rsync_cv_HAVE_UNSIGNED_CHAR=no
rsync_cv_REPLACE_INET_ATON=no
rsync_cv_REPLACE_INET_NTOA=no
samba_cv_HAVE_GETTIMEOFDAY_TZ=yes
samba_cv_HAVE_IFACE_AIX=no
samba_cv_HAVE_IFACE_IFCONF=yes
samba_cv_HAVE_IFACE_IFREQ=yes
samba_cv_HAVE_IRIX_SPECIFIC_CAPABILITIES=no
screen_cv_sys_bcopy_overlap=no
screen_cv_sys_fifo_broken_impl=yes
screen_cv_sys_fifo_usable=yes
screen_cv_sys_memcpy_overlap=no
screen_cv_sys_memmove_overlap=no
screen_cv_sys_select_broken_retval=no
screen_cv_sys_sockets_nofs=no
screen_cv_sys_sockets_usable=yes
screen_cv_sys_terminfo_used=yes
shadow_cv_logdir=/var/log
shadow_cv_maildir=/var/spool/mail
shadow_cv_mailfile=Mailbox
shadow_cv_passwd_dir=/usr/bin
shadow_cv_utmpdir=/var/run
slrn_cv_va_val_copy=yes
sudo_cv_func_unsetenv_void=no
tcl_cv_api_serial=termios
utils_cv_sys_open_max=1015

## ----------------- ##
## Output variables. ##
## ----------------- ##

ACLOCAL='${SHELL} /home/architech/Desktop/install-test2/yocto/meta-clanton_v1.0.1/yocto_build/tmp/work/i586-poky-linux-uclibc/grub/0.97+gitAUTOINC+5775f32a6268dead6939d01cbe72f23972f6d3c0-r0/git/missing --run aclocal-1.12'
AMDEPBACKSLASH=''
AMDEP_FALSE=''
AMDEP_TRUE='#'
AMTAR='$${TAR-tar}'
AUTOCONF='${SHELL} /home/architech/Desktop/install-test2/yocto/meta-clanton_v1.0.1/yocto_build/tmp/work/i586-poky-linux-uclibc/grub/0.97+gitAUTOINC+5775f32a6268dead6939d01cbe72f23972f6d3c0-r0/git/missing --run autoconf'
AUTOHEADER='${SHELL} /home/architech/Desktop/install-test2/yocto/meta-clanton_v1.0.1/yocto_build/tmp/work/i586-poky-linux-uclibc/grub/0.97+gitAUTOINC+5775f32a6268dead6939d01cbe72f23972f6d3c0-r0/git/missing --run autoheader'
AUTOMAKE='${SHELL} /home/architech/Desktop/install-test2/yocto/meta-clanton_v1.0.1/yocto_build/tmp/work/i586-poky-linux-uclibc/grub/0.97+gitAUTOINC+5775f32a6268dead6939d01cbe72f23972f6d3c0-r0/git/missing --run automake-1.12'
AWK='gawk'
BUILD_EXAMPLE_KERNEL_FALSE=''
BUILD_EXAMPLE_KERNEL_TRUE='#'
CC='i586-poky-linux-uclibc-gcc  -m32 -march=i586 --sysroot=/home/architech/Desktop/install-test2/yocto/meta-clanton_v1.0.1/yocto_build/tmp/sysroots/clanton'
CCAS='i586-poky-linux-uclibc-gcc  -m32 -march=i586 --sysroot=/home/architech/Desktop/install-test2/yocto/meta-clanton_v1.0.1/yocto_build/tmp/sysroots/clanton'
CCASDEPMODE='depmode=none'
CCASFLAGS='$(DEFS) $(DEFAULT_INCLUDES) $(INCLUDES) $(CPPFLAGS) $(CFLAGS)'
CCDEPMODE='depmode=none'
CFLAGS='-O2 -pipe -g -feliminate-unused-debug-types -Os -fno-strict-aliasing -Wall -Werror -Wno-shadow -Wno-unused -Wno-pointer-sign -DINTEL_QUARK_TEST=1 -g'
CPP='i586-poky-linux-uclibc-gcc -E --sysroot=/home/architech/Desktop/install-test2/yocto/meta-clanton_v1.0.1/yocto_build/tmp/sysroots/clanton  -m32 -march=i586'
CPPFLAGS=' -Wall -Wmissing-prototypes -Wunused -Wshadow -Wpointer-arith -falign-jumps=1 -falign-loops=1 -falign-functions=1 -Wundef'
CYGPATH_W='echo'
DEFS='-DHAVE_CONFIG_H'
DEPDIR='.deps'
DISKLESS_SUPPORT_FALSE=''
DISKLESS_SUPPORT_TRUE='#'
ECHO_C=''
ECHO_N='-n'
ECHO_T=''
EFI_ARCH='ia32'
EGREP='/bin/grep -E'
EXEEXT=''
FSYS_CFLAGS=' -DFSYS_EXT2FS=1 -DFSYS_FAT=1 -DFSYS_FFS=1 -DFSYS_UFS2=1 -DFSYS_MINIX=1 -DFSYS_REISERFS=1 -DFSYS_VSTAFS=1 -DFSYS_JFS=1 -DFSYS_XFS=1 -DFSYS_ISO9660=1 -DUSE_MD5_PASSWORDS=1'
GNUEFI_CRT0='/home/architech/Desktop/install-test2/yocto/meta-clanton_v1.0.1/yocto_build/tmp/sysroots/clanton/usr/lib/crt0-efi-ia32.o'
GNUEFI_LDS='/home/architech/Desktop/install-test2/yocto/meta-clanton_v1.0.1/yocto_build/tmp/sysroots/clanton/usr/lib/elf_ia32_efi.lds'
GRAPHICS_SUPPORT_FALSE='#'
GRAPHICS_SUPPORT_TRUE=''
GREP='/bin/grep'
GRUB_CFLAGS=''
GRUB_LIBS=''
HERCULES_SUPPORT_FALSE=''
HERCULES_SUPPORT_TRUE='#'
INSTALL_DATA='${INSTALL} -m 644'
INSTALL_PROGRAM='${INSTALL}'
INSTALL_SCRIPT='${INSTALL}'
INSTALL_STRIP_PROGRAM='$(install_sh) -c -s'
LDFLAGS='-Wl,-O1 -Wl,--hash-style=gnu -Wl,--as-needed'
LIBEFI='/home/architech/Desktop/install-test2/yocto/meta-clanton_v1.0.1/yocto_build/tmp/sysroots/clanton/usr/lib/libefi.a'
LIBGCC='/home/architech/Desktop/install-test2/yocto/meta-clanton_v1.0.1/yocto_build/tmp/sysroots/clanton/usr/lib/i586-poky-linux-uclibc/4.7.2/libgcc.a'
LIBGNUEFI='/home/architech/Desktop/install-test2/yocto/meta-clanton_v1.0.1/yocto_build/tmp/sysroots/clanton/usr/lib/libgnuefi.a'
LIBOBJS=''
LIBS=''
LOADER_LDFLAGS='-Wl,--build-id=none /home/architech/Desktop/install-test2/yocto/meta-clanton_v1.0.1/yocto_build/tmp/sysroots/clanton/usr/lib/i586-poky-linux-uclibc/4.7.2/libgcc.a'
LTLIBOBJS=''
MAINT='#'
MAINTAINER_MODE_FALSE=''
MAINTAINER_MODE_TRUE='#'
MAKEINFO='${SHELL} /home/architech/Desktop/install-test2/yocto/meta-clanton_v1.0.1/yocto_build/tmp/work/i586-poky-linux-uclibc/grub/0.97+gitAUTOINC+5775f32a6268dead6939d01cbe72f23972f6d3c0-r0/git/missing --run makeinfo'
MKDIR_P='/bin/mkdir -p'
NETBOOT_DRIVERS=''
NETBOOT_SUPPORT_FALSE=''
NETBOOT_SUPPORT_TRUE='#'
NET_CFLAGS=''
NET_EXTRAFLAGS=' -DCONGESTED=1 -DNE_SCAN=0x280,0x300,0x320,0x340 -DWD_DEFAULT_MEM=0xCC000'
OBJCOPY='i586-poky-linux-uclibc-objcopy'
OBJEXT='o'
PACKAGE='grub'
PACKAGE_BUGREPORT='bug-grub@gnu.org'
PACKAGE_NAME='GRUB'
PACKAGE_STRING='GRUB 0.97'
PACKAGE_TARNAME='grub'
PACKAGE_URL=''
PACKAGE_VERSION='0.97'
PATH_SEPARATOR=':'
PERL=''
PLATFORM_EFI_FALSE='#'
PLATFORM_EFI_TRUE=''
RANLIB='i586-poky-linux-uclibc-ranlib'
SERIAL_SPEED_SIMULATION_FALSE=''
SERIAL_SPEED_SIMULATION_TRUE='#'
SERIAL_SUPPORT_FALSE='#'
SERIAL_SUPPORT_TRUE=''
SET_MAKE=''
SHELL='/bin/sh'
STAGE1_CFLAGS=''
STAGE2_CFLAGS=' -fno-stack-protector -isystem /home/architech/Desktop/install-test2/yocto/meta-clanton_v1.0.1/yocto_build/tmp/sysroots/i686-linux/usr/lib/i586-poky-linux-uclibc/gcc/i586-poky-linux-uclibc/4.7.2/include -fpic -fshort-wchar -fno-strict-aliasing -fno-merge-constants'
STRIP='i586-poky-linux-uclibc-strip'
VERSION='0.97'
ac_ct_CC=''
am__EXEEXT_FALSE=''
am__EXEEXT_TRUE='#'
am__fastdepCCAS_FALSE=''
am__fastdepCCAS_TRUE='#'
am__fastdepCC_FALSE=''
am__fastdepCC_TRUE='#'
am__include='include'
am__isrc=''
am__leading_dot='.'
am__nodep=''
am__quote=''
am__tar='$${TAR-tar} chof - "$$tardir"'
am__untar='$${TAR-tar} xf -'
bindir='/usr/bin'
build='i686-pc-linux-gnu'
build_alias='i686-linux'
build_cpu='i686'
build_os='linux-gnu'
build_vendor='pc'
datadir='/usr/share'
datarootdir='${prefix}/share'
docdir='${datarootdir}/doc/${PACKAGE_TARNAME}'
dvidir='${docdir}'
exec_prefix='/usr'
host='i586-poky-linux-uclibc'
host_alias='i586-poky-linux-uclibc'
host_cpu='i386'
host_os='linux-uclibc'
host_vendor='poky'
htmldir='${docdir}'
includedir='/usr/include'
infodir='/usr/share/info'
install_sh='${SHELL} /home/architech/Desktop/install-test2/yocto/meta-clanton_v1.0.1/yocto_build/tmp/work/i586-poky-linux-uclibc/grub/0.97+gitAUTOINC+5775f32a6268dead6939d01cbe72f23972f6d3c0-r0/git/install-sh'
libdir='/home/architech/Desktop/install-test2/yocto/meta-clanton_v1.0.1/yocto_build/tmp/sysroots/clanton/usr/lib'
libexecdir='/usr/lib/grub'
localedir='${datarootdir}/locale'
localstatedir='/var'
mandir='/usr/share/man'
mkdir_p='$(MKDIR_P)'
oldincludedir='/usr/include'
pdfdir='${docdir}'
platform='efi'
prefix='/usr'
program_transform_name='s,x,x,'
psdir='${docdir}'
sbindir='/usr/sbin'
sharedstatedir='/com'
sysconfdir='/etc'
target_alias='i586-poky-linux-uclibc'

## ----------- ##
## confdefs.h. ##
## ----------- ##

/* confdefs.h */
#define PACKAGE_NAME "GRUB"
#define PACKAGE_TARNAME "grub"
#define PACKAGE_VERSION "0.97"
#define PACKAGE_STRING "GRUB 0.97"
#define PACKAGE_BUGREPORT "bug-grub@gnu.org"
#define PACKAGE_URL ""
#define PACKAGE "grub"
#define VERSION "0.97"
#define PLATFORM_EFI 1
#define ADDR32 addr32
#define DATA32 data32
#define HAVE_USCORE_START_SYMBOL 1
#define HAVE_USCORE_USCORE_BSS_START_SYMBOL 1
#define HAVE_USCORE_EDATA_SYMBOL 1
#define HAVE_EDATA_SYMBOL 1
#define HAVE_END_SYMBOL 1
#define HAVE_USCORE_END_SYMBOL 1
#define STDC_HEADERS 1
#define HAVE_SYS_TYPES_H 1
#define HAVE_SYS_STAT_H 1
#define HAVE_STDLIB_H 1
#define HAVE_STRING_H 1
#define HAVE_MEMORY_H 1
#define HAVE_STRINGS_H 1
#define HAVE_INTTYPES_H 1
#define HAVE_STDINT_H 1
#define HAVE_UNISTD_H 1
#define HAVE_STRING_H 1
#define HAVE_STRINGS_H 1
#define HAVE_NCURSES_H 1
#define HAVE_CURSES_H 1

configure: exit 0
